C:\Users\wavecom\Desktop\Final Project\src\Debug\cl.command.1.tlog
C:\Users\wavecom\Desktop\Final Project\src\Debug\CL.read.1.tlog
C:\Users\wavecom\Desktop\Final Project\src\Debug\CL.write.1.tlog
C:\USERS\WAVECOM\DESKTOP\FINAL PROJECT\SRC\DEBUG\CREATEOBSTACLES.OBJ
C:\USERS\WAVECOM\DESKTOP\FINAL PROJECT\SRC\DEBUG\CREATEPROGRAM.OBJ
C:\USERS\WAVECOM\DESKTOP\FINAL PROJECT\SRC\DEBUG\CREATEQUAD.OBJ
C:\USERS\WAVECOM\DESKTOP\FINAL PROJECT\SRC\DEBUG\CREATESLAB.OBJ
C:\USERS\WAVECOM\DESKTOP\FINAL PROJECT\SRC\DEBUG\GPGPU.OBJ
C:\Users\wavecom\Desktop\Final Project\src\Debug\link.5792.read.1.tlog
C:\Users\wavecom\Desktop\Final Project\src\Debug\link.5792.write.1.tlog
C:\Users\wavecom\Desktop\Final Project\src\Debug\link.5792-cvtres.read.1.tlog
C:\Users\wavecom\Desktop\Final Project\src\Debug\link.5792-cvtres.write.1.tlog
C:\Users\wavecom\Desktop\Final Project\src\Debug\link.command.1.tlog
C:\Users\wavecom\Desktop\Final Project\src\Debug\link.read.1.tlog
C:\Users\wavecom\Desktop\Final Project\src\Debug\link.write.1.tlog
C:\Users\wavecom\Desktop\Final Project\src\Debug\link-cvtres.read.1.tlog
C:\Users\wavecom\Desktop\Final Project\src\Debug\link-cvtres.write.1.tlog
C:\USERS\WAVECOM\DESKTOP\FINAL PROJECT\SRC\DEBUG\MAIN.OBJ
C:\Users\wavecom\Desktop\Final Project\src\Debug\mt.command.1.tlog
C:\Users\wavecom\Desktop\Final Project\src\Debug\mt.read.1.tlog
C:\Users\wavecom\Desktop\Final Project\src\Debug\mt.write.1.tlog
C:\USERS\WAVECOM\DESKTOP\FINAL PROJECT\SRC\DEBUG\MYPROJECT.EXE.EMBED.MANIFEST
C:\USERS\WAVECOM\DESKTOP\FINAL PROJECT\SRC\DEBUG\MYPROJECT.EXE.EMBED.MANIFEST.RES
C:\Users\wavecom\Desktop\Final Project\src\Debug\myproject.exe.intermediate.manifest
C:\Users\wavecom\Desktop\Final Project\src\Debug\myproject.pdb
C:\Users\wavecom\Desktop\Final Project\src\Debug\myproject.write.1.tlog
C:\Users\wavecom\Desktop\Final Project\src\Debug\myproject_manifest.rc
C:\Users\wavecom\Desktop\Final Project\src\Debug\rc.command.1.tlog
C:\Users\wavecom\Desktop\Final Project\src\Debug\rc.read.1.tlog
C:\Users\wavecom\Desktop\Final Project\src\Debug\rc.write.1.tlog
C:\USERS\WAVECOM\DESKTOP\FINAL PROJECT\SRC\DEBUG\SLAPOPS.OBJ
C:\Users\wavecom\Desktop\Final Project\src\Debug\vc100.idb
C:\USERS\WAVECOM\DESKTOP\FINAL PROJECT\SRC\DEBUG\VC100.PDB
