Build started 11/11/2014 1:25:33 AM.
     1>Project "C:\Users\wavecom\Desktop\Final Project\src\myproject.vcxproj" on node 2 (build target(s)).
     1>InitializeBuildStatus:
         Creating "Debug\myproject.unsuccessfulbuild" because "AlwaysCreate" was specified.
       ClCompile:
         D:\Microsoft Visual Studio 10.0\VC\bin\CL.exe /c /ZI /nologo /W3 /WX- /Od /Oy- /D WIN32 /D _DEBUG /D _CONSOLE /D _UNICODE /D UNICODE /Gm /EHsc /RTC1 /MDd /GS /fp:precise /Zc:wchar_t /Zc:forScope /Fo"Debug\\" /Fd"Debug\vc100.pdb" /Gd /TP /analyze- /errorReport:prompt GPGPU.cpp
         GPGPU.cpp
         All outputs are up-to-date.
       ManifestResourceCompile:
         All outputs are up-to-date.
       Link:
         D:\Microsoft Visual Studio 10.0\VC\bin\link.exe /ERRORREPORT:PROMPT /OUT:"C:\Users\wavecom\Desktop\Final Project\src\Debug\myproject.exe" /INCREMENTAL /NOLOGO /LIBPATH:GL glut32.lib kernel32.lib user32.lib gdi32.lib winspool.lib comdlg32.lib advapi32.lib shell32.lib ole32.lib oleaut32.lib uuid.lib glui32d.lib glew32s.lib kernel32.lib user32.lib gdi32.lib winspool.lib comdlg32.lib advapi32.lib shell32.lib ole32.lib oleaut32.lib uuid.lib odbc32.lib odbccp32.lib /MANIFEST /ManifestFile:"Debug\myproject.exe.intermediate.manifest" /MANIFESTUAC:"level='asInvoker' uiAccess='false'" /DEBUG /PDB:"C:\Users\wavecom\Desktop\Final Project\src\Debug\myproject.pdb" /SUBSYSTEM:CONSOLE /TLBID:1 /DYNAMICBASE /NXCOMPAT /IMPLIB:"C:\Users\wavecom\Desktop\Final Project\src\Debug\myproject.lib" /MACHINE:X86 Debug\myproject.exe.embed.manifest.res
         Debug\CreateObstacles.obj
         Debug\CreateProgram.obj
         Debug\CreateQuad.obj
         Debug\CreateSlab.obj
         Debug\GPGPU.obj
         Debug\main.obj
         Debug\SlapOps.obj
       Manifest:
         c:\Program Files (x86)\Microsoft SDKs\Windows\v7.0A\bin\mt.exe /nologo /verbose /out:"Debug\myproject.exe.embed.manifest" /manifest Debug\myproject.exe.intermediate.manifest
         All outputs are up-to-date.
       LinkEmbedManifest:
         All outputs are up-to-date.
         myproject.vcxproj -> C:\Users\wavecom\Desktop\Final Project\src\Debug\myproject.exe
       FinalizeBuildStatus:
         Deleting file "Debug\myproject.unsuccessfulbuild".
         Touching "Debug\myproject.lastbuildstate".
     1>Done Building Project "C:\Users\wavecom\Desktop\Final Project\src\myproject.vcxproj" (build target(s)).

Build succeeded.

Time Elapsed 00:00:01.54
